# JRE version: Java(TM) SE Runtime Environment (8.0_45-b14) (build 1.8.0_45-b14)
# Java VM: Java HotSpot(TM) 64-Bit Server VM (25.45-b02 mixed mode bsd-amd64 compressed oops)
Heap:
 PSYoungGen      total 224768K, used 132414K [0x000000016af80000, 0x0000000184980000, 0x0000000195a00000)
  eden space 219648K, 58% used [0x000000016af80000,0x0000000172c5f8f8,0x0000000178600000)
  from space 5120K, 88% used [0x0000000178600000,0x0000000178a6ffc0,0x0000000178b00000)
  to   space 5120K, 0% used [0x0000000184480000,0x0000000184480000,0x0000000184980000)
 ParOldGen       total 924160K, used 654648K [0x0000000115a00000, 0x000000014e080000, 0x000000016af80000)
  object space 924160K, 70% used [0x0000000115a00000,0x000000013d94e370,0x000000014e080000)
 Metaspace       used 2828K, capacity 4564K, committed 4864K, reserved 1056768K
  class space    used 302K, capacity 388K, committed 512K, reserved 1048576K
GC Heap History (10 events):
Event: 0.680 GC heap before
{Heap before GC invocations=9 (full 4):
 PSYoungGen      total 129024K, used 5092K [0x000000016af80000, 0x0000000179000000, 0x0000000195a00000)
  eden space 123904K, 0% used [0x000000016af80000,0x000000016af80000,0x0000000172880000)
  from space 5120K, 99% used [0x0000000172880000,0x0000000172d79160,0x0000000172d80000)
  to   space 5120K, 0% used [0x0000000178b00000,0x0000000178b00000,0x0000000179000000)
 ParOldGen       total 325632K, used 311659K [0x0000000115a00000, 0x0000000129800000, 0x000000016af80000)
  object space 325632K, 95% used [0x0000000115a00000,0x0000000128a5afb0,0x0000000129800000)
 Metaspace       used 2824K, capacity 4564K, committed 4864K, reserved 1056768K
  class space    used 302K, capacity 388K, committed 512K, reserved 1048576K
Event: 0.698 GC heap after
Heap after GC invocations=9 (full 4):
 PSYoungGen      total 129024K, used 0K [0x000000016af80000, 0x0000000179000000, 0x0000000195a00000)
  eden space 123904K, 0% used [0x000000016af80000,0x000000016af80000,0x0000000172880000)
  from space 5120K, 0% used [0x0000000172880000,0x0000000172880000,0x0000000172d80000)
  to   space 5120K, 0% used [0x0000000178b00000,0x0000000178b00000,0x0000000179000000)
 ParOldGen       total 492544K, used 316752K [0x0000000115a00000, 0x0000000133b00000, 0x000000016af80000)
  object space 492544K, 64% used [0x0000000115a00000,0x0000000128f54110,0x0000000133b00000)
 Metaspace       used 2824K, capacity 4564K, committed 4864K, reserved 1056768K
  class space    used 302K, capacity 388K, committed 512K, reserved 1048576K
}
Event: 0.715 GC heap before
{Heap before GC invocations=10 (full 4):
 PSYoungGen      total 129024K, used 123860K [0x000000016af80000, 0x0000000179000000, 0x0000000195a00000)
  eden space 123904K, 99% used [0x000000016af80000,0x0000000172875140,0x0000000172880000)
  from space 5120K, 0% used [0x0000000172880000,0x0000000172880000,0x0000000172d80000)
  to   space 5120K, 0% used [0x0000000178b00000,0x0000000178b00000,0x0000000179000000)
 ParOldGen       total 492544K, used 316752K [0x0000000115a00000, 0x0000000133b00000, 0x000000016af80000)
  object space 492544K, 64% used [0x0000000115a00000,0x0000000128f54110,0x0000000133b00000)
 Metaspace       used 2824K, capacity 4564K, committed 4864K, reserved 1056768K
  class space    used 302K, capacity 388K, committed 512K, reserved 1048576K
Event: 0.878 GC heap after
Heap after GC invocations=10 (full 4):
 PSYoungGen      total 224768K, used 5092K [0x000000016af80000, 0x0000000179980000, 0x0000000195a00000)
  eden space 219648K, 0% used [0x000000016af80000,0x000000016af80000,0x0000000178600000)
  from space 5120K, 99% used [0x0000000178b00000,0x0000000178ff9160,0x0000000179000000)
  to   space 5120K, 0% used [0x0000000178600000,0x0000000178600000,0x0000000178b00000)
 ParOldGen       total 492544K, used 435364K [0x0000000115a00000, 0x0000000133b00000, 0x000000016af80000)
  object space 492544K, 88% used [0x0000000115a00000,0x00000001303292d0,0x0000000133b00000)
 Metaspace       used 2824K, capacity 4564K, committed 4864K, reserved 1056768K
  class space    used 302K, capacity 388K, committed 512K, reserved 1048576K
}
Event: 0.878 GC heap before
{Heap before GC invocations=11 (full 5):
 PSYoungGen      total 224768K, used 5092K [0x000000016af80000, 0x0000000179980000, 0x0000000195a00000)
  eden space 219648K, 0% used [0x000000016af80000,0x000000016af80000,0x0000000178600000)
  from space 5120K, 99% used [0x0000000178b00000,0x0000000178ff9160,0x0000000179000000)
  to   space 5120K, 0% used [0x0000000178600000,0x0000000178600000,0x0000000178b00000)
 ParOldGen       total 492544K, used 435364K [0x0000000115a00000, 0x0000000133b00000, 0x000000016af80000)
  object space 492544K, 88% used [0x0000000115a00000,0x00000001303292d0,0x0000000133b00000)
 Metaspace       used 2824K, capacity 4564K, committed 4864K, reserved 1056768K
  class space    used 302K, capacity 388K, committed 512K, reserved 1048576K
Event: 0.893 GC heap after
Heap after GC invocations=11 (full 5):
 PSYoungGen      total 224768K, used 0K [0x000000016af80000, 0x0000000179980000, 0x0000000195a00000)
  eden space 219648K, 0% used [0x000000016af80000,0x000000016af80000,0x0000000178600000)
  from space 5120K, 0% used [0x0000000178b00000,0x0000000178b00000,0x0000000179000000)
  to   space 5120K, 0% used [0x0000000178600000,0x0000000178600000,0x0000000178b00000)
 ParOldGen       total 644096K, used 440457K [0x0000000115a00000, 0x000000013cf00000, 0x000000016af80000)
  object space 644096K, 68% used [0x0000000115a00000,0x0000000130822430,0x000000013cf00000)
 Metaspace       used 2824K, capacity 4564K, committed 4864K, reserved 1056768K
  class space    used 302K, capacity 388K, committed 512K, reserved 1048576K
}
Event: 1.035 GC heap before
{Heap before GC invocations=12 (full 5):
 PSYoungGen      total 224768K, used 219648K [0x000000016af80000, 0x0000000179980000, 0x0000000195a00000)
  eden space 219648K, 100% used [0x000000016af80000,0x0000000178600000,0x0000000178600000)
  from space 5120K, 0% used [0x0000000178b00000,0x0000000178b00000,0x0000000179000000)
  to   space 5120K, 0% used [0x0000000178600000,0x0000000178600000,0x0000000178b00000)
 ParOldGen       total 644096K, used 440457K [0x0000000115a00000, 0x000000013cf00000, 0x000000016af80000)
  object space 644096K, 68% used [0x0000000115a00000,0x0000000130822430,0x000000013cf00000)
 Metaspace       used 2824K, capacity 4564K, committed 4864K, reserved 1056768K
  class space    used 302K, capacity 388K, committed 512K, reserved 1048576K
Event: 1.379 GC heap after
Heap after GC invocations=12 (full 5):
 PSYoungGen      total 224768K, used 5092K [0x000000016af80000, 0x0000000184980000, 0x0000000195a00000)
  eden space 219648K, 0% used [0x000000016af80000,0x000000016af80000,0x0000000178600000)
  from space 5120K, 99% used [0x0000000178600000,0x0000000178af9160,0x0000000178b00000)
  to   space 5120K, 0% used [0x0000000184480000,0x0000000184480000,0x0000000184980000)
 ParOldGen       total 654848K, used 654100K [0x0000000115a00000, 0x000000013d980000, 0x000000016af80000)
  object space 654848K, 99% used [0x0000000115a00000,0x000000013d8c51d0,0x000000013d980000)
 Metaspace       used 2824K, capacity 4564K, committed 4864K, reserved 1056768K
  class space    used 302K, capacity 388K, committed 512K, reserved 1048576K
}
Event: 1.379 GC heap before
{Heap before GC invocations=13 (full 6):
 PSYoungGen      total 224768K, used 5092K [0x000000016af80000, 0x0000000184980000, 0x0000000195a00000)
  eden space 219648K, 0% used [0x000000016af80000,0x000000016af80000,0x0000000178600000)
  from space 5120K, 99% used [0x0000000178600000,0x0000000178af9160,0x0000000178b00000)
  to   space 5120K, 0% used [0x0000000184480000,0x0000000184480000,0x0000000184980000)
 ParOldGen       total 654848K, used 654100K [0x0000000115a00000, 0x000000013d980000, 0x000000016af80000)
  object space 654848K, 99% used [0x0000000115a00000,0x000000013d8c51d0,0x000000013d980000)
 Metaspace       used 2824K, capacity 4564K, committed 4864K, reserved 1056768K
  class space    used 302K, capacity 388K, committed 512K, reserved 1048576K
Event: 1.402 GC heap after
Heap after GC invocations=13 (full 6):
 PSYoungGen      total 224768K, used 4543K [0x000000016af80000, 0x0000000184980000, 0x0000000195a00000)
  eden space 219648K, 0% used [0x000000016af80000,0x000000016af80000,0x0000000178600000)
  from space 5120K, 88% used [0x0000000178600000,0x0000000178a6ffc0,0x0000000178b00000)
  to   space 5120K, 0% used [0x0000000184480000,0x0000000184480000,0x0000000184980000)
 ParOldGen       total 924160K, used 654648K [0x0000000115a00000, 0x000000014e080000, 0x000000016af80000)
  object space 924160K, 70% used [0x0000000115a00000,0x000000013d94e370,0x000000014e080000)
 Metaspace       used 2824K, capacity 4564K, committed 4864K, reserved 1056768K
  class space    used 302K, capacity 388K, committed 512K, reserved 1048576K
}

